<?xml version="1.0" encoding="UTF-8"?>
<!-- Generated by org.testng.reporters.JUnitReportReporter -->
<testsuite hostname="1B3ZYM1" name="zTemp.Nghia" tests="1" failures="0" timestamp="10 Mar 2016 18:36:51 GMT" time="28.860" errors="0">
  <testcase name="findYourCarFromHomePage" time="28.860" classname="zTemp.Nghia"/>
</testsuite> <!-- zTemp.Nghia -->
